<?xml version="1.0" encoding="UTF-8"?>
<!-- Generated by org.testng.reporters.JUnitReportReporter -->
<testsuite hostname="DESKTOP-56HO2UA" failures="0" tests="2" name="demo.demoTest2" time="0.013" errors="0" timestamp="2023-11-30T13:31:21 IST" skipped="0">
  <testcase classname="demo.demoTest2" name="demoTest4" time="0.004"/>
  <system-out/>
  <testcase classname="demo.demoTest2" name="demoTest3" time="0.009"/>
  <system-out/>
</testsuite> <!-- demo.demoTest2 -->
